2026-01-16 19:29:37,757 - INFO - __main__ - Logging initialized. Log file: output/logs/main_20260116_192937.log
2026-01-16 19:29:37,758 - INFO - __main__ - ======================================================================
2026-01-16 19:29:37,758 - INFO - __main__ - IRP RESEARCH PIPELINE
2026-01-16 19:29:37,758 - INFO - __main__ - AI-Powered Log Analysis for Smarter Threat Detection
2026-01-16 19:29:37,758 - INFO - __main__ - ======================================================================
2026-01-16 19:29:37,758 - INFO - __main__ - Output directory: /home/tor/ton_iot/ton_iot/output
2026-01-16 19:29:37,758 - INFO - __main__ - Timestamp: 2026-01-16 19:29:37
2026-01-16 19:29:37,758 - INFO - __main__ - Checking Python dependencies from requirements.txt...
2026-01-16 19:29:38,032 - INFO - __main__ - All required packages are installed.
2026-01-16 19:29:38,032 - INFO - __main__ - Running complete pipeline (Phases 1, 3, 5)
2026-01-16 19:29:41,729 - INFO - main_pipeline - Pipeline initialized with output directory: /home/tor/ton_iot/ton_iot/output
2026-01-16 19:29:41,729 - INFO - __main__ - Starting complete pipeline execution...
2026-01-16 19:29:41,729 - INFO - main_pipeline - ============================================================
2026-01-16 19:29:41,729 - INFO - main_pipeline - PHASE 1: Preprocessing Configuration Selection
2026-01-16 19:29:41,729 - INFO - main_pipeline - ============================================================
2026-01-16 19:29:41,729 - INFO - main_pipeline - 
1.1 Loading datasets...
2026-01-16 19:29:41,730 - INFO - dataset_loader - Loading TON_IoT dataset from: datasets/ton_iot/train_test_network.csv
2026-01-16 19:29:42,429 - INFO - dataset_loader - TON_IoT loaded: 211043 rows, 44 columns
2026-01-16 19:29:42,429 - INFO - main_pipeline -    TON_IoT: (211043, 44)
2026-01-16 19:29:42,430 - WARNING - main_pipeline -    CIC-DDoS2019 not available, using TON_IoT only
2026-01-16 19:29:42,465 - INFO - main_pipeline -    Features shape: (211043, 43), Labels shape: (211043,)
2026-01-16 19:29:42,465 - INFO - main_pipeline - 
1.4 Preprocessing (SMOTE + RobustScaler)...
2026-01-16 19:29:42,465 - INFO - main_pipeline -    Applying SMOTE for class balancing...
2026-01-16 19:29:42,465 - INFO - main_pipeline -    Scaling features with RobustScaler...
2026-01-16 19:29:50,862 - INFO - main_pipeline -    Processed shape: (322086, 19)
2026-01-16 19:29:50,864 - INFO - main_pipeline -    Class distribution: {1: 161043, 0: 161043}
2026-01-16 19:29:56,228 - INFO - main_pipeline - 
   Saved preprocessed data to output/phase1_preprocessing/preprocessed_data.csv
2026-01-16 19:29:56,256 - INFO - main_pipeline - 
3.1 Evaluating 5 algorithms with 5-fold CV...
2026-01-16 19:29:56,262 - INFO - main_pipeline - 
   Evaluating Logistic Regression...
